<?xml version="1.0" encoding="UTF-8"?>
<!-- Generated by org.testng.reporters.JUnitReportReporter -->
<testsuite skipped="0" hostname="Lenovo" name="CucumberOptions.TestRunner" tests="1" failures="0" timestamp="30 Oct 2020 07:17:33 GMT" time="112.631" errors="0">
  <testcase name="feature" time="112.631" classname="CucumberOptions.TestRunner"/>
</testsuite> <!-- CucumberOptions.TestRunner -->
